2023-08-23 11:23:27.5051 DEBUG: Hosting starting
2023-08-23 11:23:27.5933 INFO: User profile is available. Using 'C:\Users\mmashiah\AppData\Local\ASP.NET\DataProtection-Keys' as key repository and Windows DPAPI to encrypt keys at rest.
2023-08-23 11:23:27.6585 DEBUG: Reading data from file 'C:\Users\mmashiah\AppData\Local\ASP.NET\DataProtection-Keys\key-9d665aa5-08e8-4e73-93b8-2d58be27b892.xml'.
2023-08-23 11:23:27.6716 DEBUG: Found key {9d665aa5-08e8-4e73-93b8-2d58be27b892}.
2023-08-23 11:23:27.7130 DEBUG: Considering key {9d665aa5-08e8-4e73-93b8-2d58be27b892} with expiration date 2023-10-10 15:56:12Z as default key.
2023-08-23 11:23:27.7224 DEBUG: Forwarded activator type request from Microsoft.AspNetCore.DataProtection.XmlEncryption.DpapiXmlDecryptor, Microsoft.AspNetCore.DataProtection, Version=7.0.0.0, Culture=neutral, PublicKeyToken=adb9793829ddae60 to Microsoft.AspNetCore.DataProtection.XmlEncryption.DpapiXmlDecryptor, Microsoft.AspNetCore.DataProtection, Culture=neutral, PublicKeyToken=adb9793829ddae60
2023-08-23 11:23:27.7224 DEBUG: Decrypting secret element using Windows DPAPI.
2023-08-23 11:23:27.7224 DEBUG: Forwarded activator type request from Microsoft.AspNetCore.DataProtection.AuthenticatedEncryption.ConfigurationModel.AuthenticatedEncryptorDescriptorDeserializer, Microsoft.AspNetCore.DataProtection, Version=7.0.0.0, Culture=neutral, PublicKeyToken=adb9793829ddae60 to Microsoft.AspNetCore.DataProtection.AuthenticatedEncryption.ConfigurationModel.AuthenticatedEncryptorDescriptorDeserializer, Microsoft.AspNetCore.DataProtection, Culture=neutral, PublicKeyToken=adb9793829ddae60
2023-08-23 11:23:27.7346 DEBUG: Opening CNG algorithm 'AES' from provider '(null)' with chaining mode CBC.
2023-08-23 11:23:27.7346 DEBUG: Opening CNG algorithm 'SHA256' from provider '(null)' with HMAC.
2023-08-23 11:23:27.7346 DEBUG: Using key {9d665aa5-08e8-4e73-93b8-2d58be27b892} as the default key.
2023-08-23 11:23:27.7346 DEBUG: Key ring with default key {9d665aa5-08e8-4e73-93b8-2d58be27b892} was loaded during application startup.
2023-08-23 11:23:27.9012 DEBUG: Registered model binder providers, in the following order: Microsoft.AspNetCore.Mvc.ModelBinding.Binders.BinderTypeModelBinderProvider, Microsoft.AspNetCore.Mvc.ModelBinding.Binders.ServicesModelBinderProvider, Microsoft.AspNetCore.Mvc.ModelBinding.Binders.BodyModelBinderProvider, Microsoft.AspNetCore.Mvc.ModelBinding.Binders.HeaderModelBinderProvider, Microsoft.AspNetCore.Mvc.ModelBinding.Binders.FloatingPointTypeModelBinderProvider, Microsoft.AspNetCore.Mvc.ModelBinding.Binders.EnumTypeModelBinderProvider, Microsoft.AspNetCore.Mvc.ModelBinding.Binders.DateTimeModelBinderProvider, Microsoft.AspNetCore.Mvc.ModelBinding.Binders.SimpleTypeModelBinderProvider, Microsoft.AspNetCore.Mvc.ModelBinding.Binders.TryParseModelBinderProvider, Microsoft.AspNetCore.Mvc.ModelBinding.Binders.CancellationTokenModelBinderProvider, Microsoft.AspNetCore.Mvc.ModelBinding.Binders.ByteArrayModelBinderProvider, Microsoft.AspNetCore.Mvc.ModelBinding.Binders.FormFileModelBinderProvider, Microsoft.AspNetCore.Mvc.ModelBinding.Binders.FormCollectionModelBinderProvider, Microsoft.AspNetCore.Mvc.ModelBinding.Binders.KeyValuePairModelBinderProvider, Microsoft.AspNetCore.Mvc.ModelBinding.Binders.DictionaryModelBinderProvider, Microsoft.AspNetCore.Mvc.ModelBinding.Binders.ArrayModelBinderProvider, Microsoft.AspNetCore.Mvc.ModelBinding.Binders.CollectionModelBinderProvider, Microsoft.AspNetCore.Mvc.ModelBinding.Binders.ComplexObjectModelBinderProvider
2023-08-23 11:23:28.1008 DEBUG: Using development certificate: CN=localhost (Thumbprint: 5BD8345799415C69DFBC834C28D074AC199A5896)
2023-08-23 11:23:28.1202 INFO: Now listening on: http://localhost:2234
2023-08-23 11:23:28.1202 INFO: Now listening on: http://localhost:2233
2023-08-23 11:23:28.1202 DEBUG: Loaded hosting startup assembly FusionWebApi
2023-08-23 11:23:28.1202 DEBUG: Loaded hosting startup assembly Microsoft.AspNetCore.Watch.BrowserRefresh
2023-08-23 11:23:28.1202 DEBUG: Loaded hosting startup assembly Microsoft.WebTools.BrowserLink.Net
2023-08-23 11:23:28.1202 INFO: Application started. Press Ctrl+C to shut down.
2023-08-23 11:23:28.1202 INFO: Hosting environment: Development
2023-08-23 11:23:28.1202 INFO: Content root path: D:\Codes\Tab\API-Generic\WebAPI
2023-08-23 11:23:28.1202 DEBUG: Hosting started
2023-08-23 11:23:28.2054 DEBUG: Connection id "0HMT3TJJC1A9P" accepted.
2023-08-23 11:23:28.2054 DEBUG: Connection id "0HMT3TJJC1A9P" started.
2023-08-23 11:23:28.2054 DEBUG: Connection id "0HMT3TJJC1A9Q" accepted.
2023-08-23 11:23:28.2054 DEBUG: Connection id "0HMT3TJJC1A9Q" started.
2023-08-23 11:23:28.2289 DEBUG: Connection id "0HMT3TJJC1A9Q" received FIN.
2023-08-23 11:23:28.2289 DEBUG: Connection id "0HMT3TJJC1A9P" received FIN.
2023-08-23 11:23:28.2384 DEBUG: Connection id "0HMT3TJJC1A9P" sending FIN because: "The client closed the connection."
2023-08-23 11:23:28.2384 DEBUG: Connection id "0HMT3TJJC1A9Q" sending FIN because: "The client closed the connection."
2023-08-23 11:23:28.2384 DEBUG: Connection id "0HMT3TJJC1A9P" disconnecting.
2023-08-23 11:23:28.2384 DEBUG: Connection id "0HMT3TJJC1A9Q" disconnecting.
2023-08-23 11:23:28.2509 DEBUG: Connection id "0HMT3TJJC1A9Q" stopped.
2023-08-23 11:23:28.2510 DEBUG: Connection id "0HMT3TJJC1A9P" stopped.
2023-08-23 11:23:28.5873 DEBUG: Connection id "0HMT3TJJC1A9R" accepted.
2023-08-23 11:23:28.5873 DEBUG: Connection id "0HMT3TJJC1A9R" started.
2023-08-23 11:23:28.5873 DEBUG: Connection id "0HMT3TJJC1A9S" accepted.
2023-08-23 11:23:28.5873 DEBUG: Connection id "0HMT3TJJC1A9S" started.
2023-08-23 11:23:28.6487 INFO: Request starting HTTP/1.1 GET http://localhost:2234/swagger/index.html - -
2023-08-23 11:23:28.6814 DEBUG: Wildcard detected, all requests with hosts will be allowed.
2023-08-23 11:23:28.6814 TRACE: All hosts are allowed.
2023-08-23 11:23:28.8025 DEBUG: Response markup is scheduled to include browser refresh script injection.
2023-08-23 11:23:28.9509 DEBUG: Response markup was updated to include browser refresh script injection.
2023-08-23 11:23:28.9509 DEBUG: Connection id "0HMT3TJJC1A9R" completed keep alive response.
2023-08-23 11:23:28.9509 INFO: Request starting HTTP/1.1 GET http://localhost:2234/_framework/aspnetcore-browser-refresh.js - -
2023-08-23 11:23:28.9509 INFO: Request finished HTTP/1.1 GET http://localhost:2234/swagger/index.html - - - 200 - text/html;charset=utf-8 308.6099ms
2023-08-23 11:23:28.9509 DEBUG: Connection id "0HMT3TJJC1A9S" completed keep alive response.
2023-08-23 11:23:28.9509 INFO: Request finished HTTP/1.1 GET http://localhost:2234/_framework/aspnetcore-browser-refresh.js - - - 200 12356 application/javascript;+charset=utf-8 2.9779ms
2023-08-23 11:23:28.9509 INFO: Request starting HTTP/1.1 GET http://localhost:2234/_vs/browserLink - -
2023-08-23 11:23:29.0090 DEBUG: Connection id "0HMT3TJJC1A9S" completed keep alive response.
2023-08-23 11:23:29.0090 INFO: Request finished HTTP/1.1 GET http://localhost:2234/_vs/browserLink - - - 200 - text/javascript;+charset=UTF-8 44.1867ms
2023-08-23 11:23:29.1893 INFO: Request starting HTTP/1.1 GET http://localhost:2234/swagger/v1/swagger.json - -
2023-08-23 11:23:29.1893 TRACE: All hosts are allowed.
2023-08-23 11:23:29.3463 DEBUG: Connection id "0HMT3TJJC1A9S" completed keep alive response.
2023-08-23 11:23:29.3463 INFO: Request finished HTTP/1.1 GET http://localhost:2234/swagger/v1/swagger.json - - - 200 - application/json;charset=utf-8 157.4610ms
2023-08-23 11:23:46.5510 INFO: Request starting HTTP/1.1 GET http://localhost:2234/GenerateToken?userName=administrator&passWord=password%24&database=cfg - -
2023-08-23 11:23:46.5510 TRACE: All hosts are allowed.
2023-08-23 11:23:46.5510 DEBUG: The request path  does not match the path filter
2023-08-23 11:23:46.5510 DEBUG: The request path /GenerateToken does not match a supported file type
2023-08-23 11:23:46.5510 WARN: Failed to determine the https port for redirect.
2023-08-23 11:23:46.5735 DEBUG: 1 candidate(s) found for the request path '/GenerateToken'
2023-08-23 11:23:46.5735 DEBUG: Endpoint 'FusionWebApi.Controllers.GenerateTokenController.AuthenticateUser (FusionWebApi)' with route pattern 'GenerateToken' is valid for the request path '/GenerateToken'
2023-08-23 11:23:46.5763 DEBUG: Request matched endpoint 'FusionWebApi.Controllers.GenerateTokenController.AuthenticateUser (FusionWebApi)'
2023-08-23 11:23:46.6612 DEBUG: AuthenticationScheme: Bearer was not authenticated.
2023-08-23 11:23:46.6612 INFO: Executing endpoint 'FusionWebApi.Controllers.GenerateTokenController.AuthenticateUser (FusionWebApi)'
2023-08-23 11:23:46.6760 INFO: Route matched with {action = "AuthenticateUser", controller = "GenerateToken"}. Executing controller action with signature System.String AuthenticateUser(System.String, System.String, System.String) on controller FusionWebApi.Controllers.GenerateTokenController (FusionWebApi).
2023-08-23 11:23:46.6760 DEBUG: Execution plan of authorization filters (in the following order): None
2023-08-23 11:23:46.6760 DEBUG: Execution plan of resource filters (in the following order): None
2023-08-23 11:23:46.6760 DEBUG: Execution plan of action filters (in the following order): Microsoft.AspNetCore.Mvc.ModelBinding.UnsupportedContentTypeFilter (Order: -3000), Microsoft.AspNetCore.Mvc.Infrastructure.ModelStateInvalidFilter (Order: -2000)
2023-08-23 11:23:46.6760 DEBUG: Execution plan of exception filters (in the following order): None
2023-08-23 11:23:46.6760 DEBUG: Execution plan of result filters (in the following order): Microsoft.AspNetCore.Mvc.Infrastructure.ClientErrorResultFilter (Order: -2000)
2023-08-23 11:23:46.6760 DEBUG: Executing controller factory for controller FusionWebApi.Controllers.GenerateTokenController (FusionWebApi)
2023-08-23 11:23:46.8215 DEBUG: Executed controller factory for controller FusionWebApi.Controllers.GenerateTokenController (FusionWebApi)
2023-08-23 11:23:46.8272 DEBUG: Attempting to bind parameter 'userName' of type 'System.String' ...
2023-08-23 11:23:46.8272 DEBUG: Attempting to bind parameter 'userName' of type 'System.String' using the name 'userName' in request data ...
2023-08-23 11:23:46.8272 DEBUG: Done attempting to bind parameter 'userName' of type 'System.String'.
2023-08-23 11:23:46.8272 DEBUG: Done attempting to bind parameter 'userName' of type 'System.String'.
2023-08-23 11:23:46.8272 DEBUG: Attempting to validate the bound parameter 'userName' of type 'System.String' ...
2023-08-23 11:23:46.8272 DEBUG: Done attempting to validate the bound parameter 'userName' of type 'System.String'.
2023-08-23 11:23:46.8272 DEBUG: Attempting to bind parameter 'passWord' of type 'System.String' ...
2023-08-23 11:23:46.8272 DEBUG: Attempting to bind parameter 'passWord' of type 'System.String' using the name 'passWord' in request data ...
2023-08-23 11:23:46.8272 DEBUG: Done attempting to bind parameter 'passWord' of type 'System.String'.
2023-08-23 11:23:46.8272 DEBUG: Done attempting to bind parameter 'passWord' of type 'System.String'.
2023-08-23 11:23:46.8272 DEBUG: Attempting to validate the bound parameter 'passWord' of type 'System.String' ...
2023-08-23 11:23:46.8272 DEBUG: Done attempting to validate the bound parameter 'passWord' of type 'System.String'.
2023-08-23 11:23:46.8272 DEBUG: Attempting to bind parameter 'database' of type 'System.String' ...
2023-08-23 11:23:46.8272 DEBUG: Attempting to bind parameter 'database' of type 'System.String' using the name 'database' in request data ...
2023-08-23 11:23:46.8272 DEBUG: Done attempting to bind parameter 'database' of type 'System.String'.
2023-08-23 11:23:46.8272 DEBUG: Done attempting to bind parameter 'database' of type 'System.String'.
2023-08-23 11:23:46.8272 DEBUG: Attempting to validate the bound parameter 'database' of type 'System.String' ...
2023-08-23 11:23:46.8272 DEBUG: Done attempting to validate the bound parameter 'database' of type 'System.String'.
2023-08-23 11:23:46.8272 TRACE: Action Filter: Before executing OnActionExecuting on filter Microsoft.AspNetCore.Mvc.ModelBinding.UnsupportedContentTypeFilter.
2023-08-23 11:23:46.8272 TRACE: Action Filter: After executing OnActionExecuting on filter Microsoft.AspNetCore.Mvc.ModelBinding.UnsupportedContentTypeFilter.
2023-08-23 11:23:46.8272 TRACE: Action Filter: Before executing OnActionExecuting on filter Microsoft.AspNetCore.Mvc.Infrastructure.ModelStateInvalidFilter.
2023-08-23 11:23:46.8272 TRACE: Action Filter: After executing OnActionExecuting on filter Microsoft.AspNetCore.Mvc.Infrastructure.ModelStateInvalidFilter.
2023-08-23 11:23:46.8674 INFO: Executing action method FusionWebApi.Controllers.GenerateTokenController.AuthenticateUser (FusionWebApi) - Validation state: Valid
2023-08-23 11:23:46.8674 TRACE: Executing action method FusionWebApi.Controllers.GenerateTokenController.AuthenticateUser (FusionWebApi) with arguments (administrator, password$, cfg)
2023-08-23 11:23:47.5633 INFO: Executed action method FusionWebApi.Controllers.GenerateTokenController.AuthenticateUser (FusionWebApi), returned result Microsoft.AspNetCore.Mvc.ObjectResult in 693.7897ms.
2023-08-23 11:23:47.5633 TRACE: Action Filter: Before executing OnActionExecuted on filter Microsoft.AspNetCore.Mvc.Infrastructure.ModelStateInvalidFilter.
2023-08-23 11:23:47.5633 TRACE: Action Filter: After executing OnActionExecuted on filter Microsoft.AspNetCore.Mvc.Infrastructure.ModelStateInvalidFilter.
2023-08-23 11:23:47.5633 TRACE: Action Filter: Before executing OnActionExecuted on filter Microsoft.AspNetCore.Mvc.ModelBinding.UnsupportedContentTypeFilter.
2023-08-23 11:23:47.5633 TRACE: Action Filter: After executing OnActionExecuted on filter Microsoft.AspNetCore.Mvc.ModelBinding.UnsupportedContentTypeFilter.
2023-08-23 11:23:47.5633 TRACE: Result Filter: Before executing OnResultExecuting on filter Microsoft.AspNetCore.Mvc.Infrastructure.ClientErrorResultFilter.
2023-08-23 11:23:47.5633 TRACE: Result Filter: After executing OnResultExecuting on filter Microsoft.AspNetCore.Mvc.Infrastructure.ClientErrorResultFilter.
2023-08-23 11:23:47.5633 TRACE: Before executing action result Microsoft.AspNetCore.Mvc.ObjectResult.
2023-08-23 11:23:47.5633 DEBUG: List of registered output formatters, in the following order: Microsoft.AspNetCore.Mvc.Formatters.HttpNoContentOutputFormatter, Microsoft.AspNetCore.Mvc.Formatters.StringOutputFormatter, Microsoft.AspNetCore.Mvc.Formatters.StreamOutputFormatter, Microsoft.AspNetCore.Mvc.Formatters.SystemTextJsonOutputFormatter
2023-08-23 11:23:47.5633 DEBUG: Attempting to select an output formatter based on Accept header 'text/plain'.
2023-08-23 11:23:47.5633 DEBUG: Selected output formatter 'Microsoft.AspNetCore.Mvc.Formatters.StringOutputFormatter' and content type 'text/plain' to write the response.
2023-08-23 11:23:47.5633 INFO: Executing ObjectResult, writing value of type 'System.String'.
2023-08-23 11:23:47.5633 TRACE: After executing action result Microsoft.AspNetCore.Mvc.ObjectResult.
2023-08-23 11:23:47.5633 TRACE: Result Filter: Before executing OnResultExecuted on filter Microsoft.AspNetCore.Mvc.Infrastructure.ClientErrorResultFilter.
2023-08-23 11:23:47.5633 TRACE: Result Filter: After executing OnResultExecuted on filter Microsoft.AspNetCore.Mvc.Infrastructure.ClientErrorResultFilter.
2023-08-23 11:23:47.5633 INFO: Executed action FusionWebApi.Controllers.GenerateTokenController.AuthenticateUser (FusionWebApi) in 892.1165ms
2023-08-23 11:23:47.5633 INFO: Executed endpoint 'FusionWebApi.Controllers.GenerateTokenController.AuthenticateUser (FusionWebApi)'
2023-08-23 11:23:47.5633 DEBUG: Connection id "0HMT3TJJC1A9S" completed keep alive response.
2023-08-23 11:23:47.5633 INFO: Request finished HTTP/1.1 GET http://localhost:2234/GenerateToken?userName=administrator&passWord=password%24&database=cfg - - - 200 - text/plain;+charset=utf-8 1019.9950ms
2023-08-23 11:24:11.5640 INFO: Request starting HTTP/1.1 GET http://localhost:2234/Data/GetUserViews - -
2023-08-23 11:24:11.5640 TRACE: All hosts are allowed.
2023-08-23 11:24:11.5640 DEBUG: The request path  does not match the path filter
2023-08-23 11:24:11.5640 DEBUG: The request path /Data/GetUserViews does not match a supported file type
2023-08-23 11:24:11.5786 DEBUG: 1 candidate(s) found for the request path '/Data/GetUserViews'
2023-08-23 11:24:11.5786 DEBUG: Endpoint 'FusionWebApi.Controllers.DataController.GetUserViews (FusionWebApi)' with route pattern 'Data/GetUserViews' is valid for the request path '/Data/GetUserViews'
2023-08-23 11:24:11.5786 DEBUG: Request matched endpoint 'FusionWebApi.Controllers.DataController.GetUserViews (FusionWebApi)'
2023-08-23 11:24:11.6159 DEBUG: Successfully validated the token.
2023-08-23 11:24:11.6159 DEBUG: AuthenticationScheme: Bearer was successfully authenticated.
2023-08-23 11:24:11.6159 DEBUG: Authorization was successful.
2023-08-23 11:24:11.6159 INFO: Executing endpoint 'FusionWebApi.Controllers.DataController.GetUserViews (FusionWebApi)'
2023-08-23 11:24:11.6243 INFO: Route matched with {action = "GetUserViews", controller = "Data"}. Executing controller action with signature System.Threading.Tasks.Task`1[FusionWebApi.Models.UserViews] GetUserViews() on controller FusionWebApi.Controllers.DataController (FusionWebApi).
2023-08-23 11:24:11.6243 DEBUG: Execution plan of authorization filters (in the following order): None
2023-08-23 11:24:11.6243 DEBUG: Execution plan of resource filters (in the following order): None
2023-08-23 11:24:11.6243 DEBUG: Execution plan of action filters (in the following order): Microsoft.AspNetCore.Mvc.ModelBinding.UnsupportedContentTypeFilter (Order: -3000), Microsoft.AspNetCore.Mvc.Infrastructure.ModelStateInvalidFilter (Order: -2000)
2023-08-23 11:24:11.6243 DEBUG: Execution plan of exception filters (in the following order): None
2023-08-23 11:24:11.6243 DEBUG: Execution plan of result filters (in the following order): Microsoft.AspNetCore.Mvc.Infrastructure.ClientErrorResultFilter (Order: -2000)
2023-08-23 11:24:11.6243 DEBUG: Executing controller factory for controller FusionWebApi.Controllers.DataController (FusionWebApi)
2023-08-23 11:24:11.6243 DEBUG: Executed controller factory for controller FusionWebApi.Controllers.DataController (FusionWebApi)
2023-08-23 11:24:11.6243 TRACE: Action Filter: Before executing OnActionExecuting on filter Microsoft.AspNetCore.Mvc.ModelBinding.UnsupportedContentTypeFilter.
2023-08-23 11:24:11.6243 TRACE: Action Filter: After executing OnActionExecuting on filter Microsoft.AspNetCore.Mvc.ModelBinding.UnsupportedContentTypeFilter.
2023-08-23 11:24:11.6243 TRACE: Action Filter: Before executing OnActionExecuting on filter Microsoft.AspNetCore.Mvc.Infrastructure.ModelStateInvalidFilter.
2023-08-23 11:24:11.6243 TRACE: Action Filter: After executing OnActionExecuting on filter Microsoft.AspNetCore.Mvc.Infrastructure.ModelStateInvalidFilter.
2023-08-23 11:24:11.6243 INFO: Executing action method FusionWebApi.Controllers.DataController.GetUserViews (FusionWebApi) - Validation state: Valid
2023-08-23 11:24:11.6243 ERROR: this is an error log
2023-08-23 11:24:11.6243 INFO: this is an info log
2023-08-23 11:24:11.6243 WARN: this is a wanring log
2023-08-23 11:24:11.6243 DEBUG: this is a debuglog
2023-08-23 11:24:13.3684 INFO: Executed action method FusionWebApi.Controllers.DataController.GetUserViews (FusionWebApi), returned result Microsoft.AspNetCore.Mvc.ObjectResult in 1732.0805ms.
2023-08-23 11:24:13.3684 TRACE: Action Filter: Before executing OnActionExecuted on filter Microsoft.AspNetCore.Mvc.Infrastructure.ModelStateInvalidFilter.
2023-08-23 11:24:13.3684 TRACE: Action Filter: After executing OnActionExecuted on filter Microsoft.AspNetCore.Mvc.Infrastructure.ModelStateInvalidFilter.
2023-08-23 11:24:13.3684 TRACE: Action Filter: Before executing OnActionExecuted on filter Microsoft.AspNetCore.Mvc.ModelBinding.UnsupportedContentTypeFilter.
2023-08-23 11:24:13.3684 TRACE: Action Filter: After executing OnActionExecuted on filter Microsoft.AspNetCore.Mvc.ModelBinding.UnsupportedContentTypeFilter.
2023-08-23 11:24:13.3684 TRACE: Result Filter: Before executing OnResultExecuting on filter Microsoft.AspNetCore.Mvc.Infrastructure.ClientErrorResultFilter.
2023-08-23 11:24:13.3684 TRACE: Result Filter: After executing OnResultExecuting on filter Microsoft.AspNetCore.Mvc.Infrastructure.ClientErrorResultFilter.
2023-08-23 11:24:13.3684 TRACE: Before executing action result Microsoft.AspNetCore.Mvc.ObjectResult.
2023-08-23 11:24:13.3684 DEBUG: List of registered output formatters, in the following order: Microsoft.AspNetCore.Mvc.Formatters.HttpNoContentOutputFormatter, Microsoft.AspNetCore.Mvc.Formatters.StringOutputFormatter, Microsoft.AspNetCore.Mvc.Formatters.StreamOutputFormatter, Microsoft.AspNetCore.Mvc.Formatters.SystemTextJsonOutputFormatter
2023-08-23 11:24:13.3684 DEBUG: Attempting to select an output formatter based on Accept header 'text/plain'.
2023-08-23 11:24:13.3684 DEBUG: Could not find an output formatter based on content negotiation. Accepted types were (text/plain)
2023-08-23 11:24:13.3684 DEBUG: Attempting to select an output formatter without using a content type as no explicit content types were specified for the response.
2023-08-23 11:24:13.3684 DEBUG: Attempting to select the first formatter in the output formatters list which can write the result.
2023-08-23 11:24:13.3684 DEBUG: Selected output formatter 'Microsoft.AspNetCore.Mvc.Formatters.SystemTextJsonOutputFormatter' and content type 'application/json' to write the response.
2023-08-23 11:24:13.3684 INFO: Executing ObjectResult, writing value of type 'FusionWebApi.Models.UserViews'.
2023-08-23 11:24:13.3791 TRACE: After executing action result Microsoft.AspNetCore.Mvc.ObjectResult.
2023-08-23 11:24:13.3791 TRACE: Result Filter: Before executing OnResultExecuted on filter Microsoft.AspNetCore.Mvc.Infrastructure.ClientErrorResultFilter.
2023-08-23 11:24:13.3791 TRACE: Result Filter: After executing OnResultExecuted on filter Microsoft.AspNetCore.Mvc.Infrastructure.ClientErrorResultFilter.
2023-08-23 11:24:13.3791 INFO: Executed action FusionWebApi.Controllers.DataController.GetUserViews (FusionWebApi) in 1755.0427ms
2023-08-23 11:24:13.3791 INFO: Executed endpoint 'FusionWebApi.Controllers.DataController.GetUserViews (FusionWebApi)'
2023-08-23 11:24:13.3791 DEBUG: Connection id "0HMT3TJJC1A9S" completed keep alive response.
2023-08-23 11:24:13.3791 INFO: Request finished HTTP/1.1 GET http://localhost:2234/Data/GetUserViews - - - 200 - application/json;+charset=utf-8 1816.2982ms
2023-08-23 11:28:29.2215 DEBUG: Connection id "0HMT3TJJC1A9R" received FIN.
2023-08-23 11:28:29.2215 DEBUG: Connection id "0HMT3TJJC1A9R" disconnecting.
2023-08-23 11:28:29.2215 DEBUG: Connection id "0HMT3TJJC1A9R" sending FIN because: "The client closed the connection."
2023-08-23 11:28:29.2215 DEBUG: Connection id "0HMT3TJJC1A9R" stopped.
2023-08-23 12:19:27.7237 DEBUG: Hosting starting
2023-08-23 12:19:27.9549 INFO: User profile is available. Using 'C:\Users\mmashiah\AppData\Local\ASP.NET\DataProtection-Keys' as key repository and Windows DPAPI to encrypt keys at rest.
2023-08-23 12:19:28.0625 DEBUG: Reading data from file 'C:\Users\mmashiah\AppData\Local\ASP.NET\DataProtection-Keys\key-9d665aa5-08e8-4e73-93b8-2d58be27b892.xml'.
2023-08-23 12:19:28.0836 DEBUG: Found key {9d665aa5-08e8-4e73-93b8-2d58be27b892}.
2023-08-23 12:19:28.1011 DEBUG: Considering key {9d665aa5-08e8-4e73-93b8-2d58be27b892} with expiration date 2023-10-10 15:56:12Z as default key.
2023-08-23 12:19:28.1011 DEBUG: Forwarded activator type request from Microsoft.AspNetCore.DataProtection.XmlEncryption.DpapiXmlDecryptor, Microsoft.AspNetCore.DataProtection, Version=7.0.0.0, Culture=neutral, PublicKeyToken=adb9793829ddae60 to Microsoft.AspNetCore.DataProtection.XmlEncryption.DpapiXmlDecryptor, Microsoft.AspNetCore.DataProtection, Culture=neutral, PublicKeyToken=adb9793829ddae60
2023-08-23 12:19:28.1084 DEBUG: Decrypting secret element using Windows DPAPI.
2023-08-23 12:19:28.1084 DEBUG: Forwarded activator type request from Microsoft.AspNetCore.DataProtection.AuthenticatedEncryption.ConfigurationModel.AuthenticatedEncryptorDescriptorDeserializer, Microsoft.AspNetCore.DataProtection, Version=7.0.0.0, Culture=neutral, PublicKeyToken=adb9793829ddae60 to Microsoft.AspNetCore.DataProtection.AuthenticatedEncryption.ConfigurationModel.AuthenticatedEncryptorDescriptorDeserializer, Microsoft.AspNetCore.DataProtection, Culture=neutral, PublicKeyToken=adb9793829ddae60
2023-08-23 12:19:28.1084 DEBUG: Opening CNG algorithm 'AES' from provider '(null)' with chaining mode CBC.
2023-08-23 12:19:28.1084 DEBUG: Opening CNG algorithm 'SHA256' from provider '(null)' with HMAC.
2023-08-23 12:19:28.1084 DEBUG: Using key {9d665aa5-08e8-4e73-93b8-2d58be27b892} as the default key.
2023-08-23 12:19:28.1084 DEBUG: Key ring with default key {9d665aa5-08e8-4e73-93b8-2d58be27b892} was loaded during application startup.
2023-08-23 12:19:28.4597 DEBUG: Registered model binder providers, in the following order: Microsoft.AspNetCore.Mvc.ModelBinding.Binders.BinderTypeModelBinderProvider, Microsoft.AspNetCore.Mvc.ModelBinding.Binders.ServicesModelBinderProvider, Microsoft.AspNetCore.Mvc.ModelBinding.Binders.BodyModelBinderProvider, Microsoft.AspNetCore.Mvc.ModelBinding.Binders.HeaderModelBinderProvider, Microsoft.AspNetCore.Mvc.ModelBinding.Binders.FloatingPointTypeModelBinderProvider, Microsoft.AspNetCore.Mvc.ModelBinding.Binders.EnumTypeModelBinderProvider, Microsoft.AspNetCore.Mvc.ModelBinding.Binders.DateTimeModelBinderProvider, Microsoft.AspNetCore.Mvc.ModelBinding.Binders.SimpleTypeModelBinderProvider, Microsoft.AspNetCore.Mvc.ModelBinding.Binders.TryParseModelBinderProvider, Microsoft.AspNetCore.Mvc.ModelBinding.Binders.CancellationTokenModelBinderProvider, Microsoft.AspNetCore.Mvc.ModelBinding.Binders.ByteArrayModelBinderProvider, Microsoft.AspNetCore.Mvc.ModelBinding.Binders.FormFileModelBinderProvider, Microsoft.AspNetCore.Mvc.ModelBinding.Binders.FormCollectionModelBinderProvider, Microsoft.AspNetCore.Mvc.ModelBinding.Binders.KeyValuePairModelBinderProvider, Microsoft.AspNetCore.Mvc.ModelBinding.Binders.DictionaryModelBinderProvider, Microsoft.AspNetCore.Mvc.ModelBinding.Binders.ArrayModelBinderProvider, Microsoft.AspNetCore.Mvc.ModelBinding.Binders.CollectionModelBinderProvider, Microsoft.AspNetCore.Mvc.ModelBinding.Binders.ComplexObjectModelBinderProvider
2023-08-23 12:19:28.9364 DEBUG: Using development certificate: CN=localhost (Thumbprint: 5BD8345799415C69DFBC834C28D074AC199A5896)
2023-08-23 12:19:28.9905 INFO: Now listening on: http://localhost:2234
2023-08-23 12:19:28.9905 INFO: Now listening on: http://localhost:2233
2023-08-23 12:19:28.9905 DEBUG: Loaded hosting startup assembly FusionWebApi
2023-08-23 12:19:28.9905 DEBUG: Loaded hosting startup assembly Microsoft.AspNetCore.Watch.BrowserRefresh
2023-08-23 12:19:28.9905 DEBUG: Loaded hosting startup assembly Microsoft.WebTools.BrowserLink.Net
2023-08-23 12:19:28.9905 INFO: Application started. Press Ctrl+C to shut down.
2023-08-23 12:19:28.9905 INFO: Hosting environment: Development
2023-08-23 12:19:28.9905 INFO: Content root path: D:\Codes\Tab\API-Generic\WebAPI
2023-08-23 12:19:28.9905 DEBUG: Hosting started
2023-08-23 12:19:29.3873 DEBUG: Connection id "0HMT3UIT2OHCK" accepted.
2023-08-23 12:19:29.3873 DEBUG: Connection id "0HMT3UIT2OHCL" accepted.
2023-08-23 12:19:29.3893 DEBUG: Connection id "0HMT3UIT2OHCK" started.
2023-08-23 12:19:29.3893 DEBUG: Connection id "0HMT3UIT2OHCL" started.
2023-08-23 12:19:29.4173 DEBUG: Connection id "0HMT3UIT2OHCK" received FIN.
2023-08-23 12:19:29.4173 DEBUG: Connection id "0HMT3UIT2OHCL" received FIN.
2023-08-23 12:19:29.4359 DEBUG: Connection id "0HMT3UIT2OHCK" sending FIN because: "The client closed the connection."
2023-08-23 12:19:29.4359 DEBUG: Connection id "0HMT3UIT2OHCL" sending FIN because: "The client closed the connection."
2023-08-23 12:19:29.4359 DEBUG: Connection id "0HMT3UIT2OHCK" disconnecting.
2023-08-23 12:19:29.4359 DEBUG: Connection id "0HMT3UIT2OHCL" disconnecting.
2023-08-23 12:19:29.4593 DEBUG: Connection id "0HMT3UIT2OHCK" stopped.
2023-08-23 12:19:29.4593 DEBUG: Connection id "0HMT3UIT2OHCL" stopped.
2023-08-23 12:19:30.2221 DEBUG: Connection id "0HMT3UIT2OHCM" accepted.
2023-08-23 12:19:30.2221 DEBUG: Connection id "0HMT3UIT2OHCN" accepted.
2023-08-23 12:19:30.2353 DEBUG: Connection id "0HMT3UIT2OHCN" started.
2023-08-23 12:19:30.2353 DEBUG: Connection id "0HMT3UIT2OHCM" started.
2023-08-23 12:19:30.4994 INFO: Request starting HTTP/1.1 GET http://localhost:2234/swagger/index.html - -
2023-08-23 12:19:30.5907 DEBUG: Wildcard detected, all requests with hosts will be allowed.
2023-08-23 12:19:30.5913 TRACE: All hosts are allowed.
2023-08-23 12:19:30.9571 DEBUG: Response markup is scheduled to include browser refresh script injection.
2023-08-23 12:19:31.2593 INFO: Request starting HTTP/1.1 GET http://localhost:2234/_framework/aspnetcore-browser-refresh.js - -
2023-08-23 12:19:31.2593 DEBUG: Response markup was updated to include browser refresh script injection.
2023-08-23 12:19:31.2593 DEBUG: Connection id "0HMT3UIT2OHCM" completed keep alive response.
2023-08-23 12:19:31.2659 INFO: Request finished HTTP/1.1 GET http://localhost:2234/swagger/index.html - - - 200 - text/html;charset=utf-8 779.7988ms
2023-08-23 12:19:31.2659 DEBUG: Connection id "0HMT3UIT2OHCN" completed keep alive response.
2023-08-23 12:19:31.2659 INFO: Request finished HTTP/1.1 GET http://localhost:2234/_framework/aspnetcore-browser-refresh.js - - - 200 12356 application/javascript;+charset=utf-8 7.6115ms
2023-08-23 12:19:31.2903 INFO: Request starting HTTP/1.1 GET http://localhost:2234/_vs/browserLink - -
2023-08-23 12:19:31.3346 DEBUG: Connection id "0HMT3UIT2OHCN" completed keep alive response.
2023-08-23 12:19:31.3346 INFO: Request finished HTTP/1.1 GET http://localhost:2234/_vs/browserLink - - - 200 - text/javascript;+charset=UTF-8 46.1375ms
2023-08-23 12:19:31.6986 INFO: Request starting HTTP/1.1 GET http://localhost:2234/swagger/v1/swagger.json - -
2023-08-23 12:19:31.6986 TRACE: All hosts are allowed.
2023-08-23 12:19:31.9605 DEBUG: Connection id "0HMT3UIT2OHCN" completed keep alive response.
2023-08-23 12:19:31.9605 INFO: Request finished HTTP/1.1 GET http://localhost:2234/swagger/v1/swagger.json - - - 200 - application/json;charset=utf-8 262.8012ms
2023-08-23 12:19:49.2423 INFO: Request starting HTTP/1.1 GET http://localhost:2234/GenerateToken?userName=administrator&passWord=password%24&database=cfg - -
2023-08-23 12:19:49.2423 TRACE: All hosts are allowed.
2023-08-23 12:19:49.2423 DEBUG: The request path  does not match the path filter
2023-08-23 12:19:49.2423 DEBUG: The request path /GenerateToken does not match a supported file type
2023-08-23 12:19:49.2486 WARN: Failed to determine the https port for redirect.
2023-08-23 12:19:49.2678 DEBUG: 1 candidate(s) found for the request path '/GenerateToken'
2023-08-23 12:19:49.2678 DEBUG: Endpoint 'FusionWebApi.Controllers.GenerateTokenController.AuthenticateUser (FusionWebApi)' with route pattern 'GenerateToken' is valid for the request path '/GenerateToken'
2023-08-23 12:19:49.2678 DEBUG: Request matched endpoint 'FusionWebApi.Controllers.GenerateTokenController.AuthenticateUser (FusionWebApi)'
2023-08-23 12:19:49.3547 DEBUG: AuthenticationScheme: Bearer was not authenticated.
2023-08-23 12:19:49.3547 INFO: Executing endpoint 'FusionWebApi.Controllers.GenerateTokenController.AuthenticateUser (FusionWebApi)'
2023-08-23 12:19:49.3678 INFO: Route matched with {action = "AuthenticateUser", controller = "GenerateToken"}. Executing controller action with signature System.String AuthenticateUser(System.String, System.String, System.String) on controller FusionWebApi.Controllers.GenerateTokenController (FusionWebApi).
2023-08-23 12:19:49.3678 DEBUG: Execution plan of authorization filters (in the following order): None
2023-08-23 12:19:49.3678 DEBUG: Execution plan of resource filters (in the following order): None
2023-08-23 12:19:49.3678 DEBUG: Execution plan of action filters (in the following order): Microsoft.AspNetCore.Mvc.ModelBinding.UnsupportedContentTypeFilter (Order: -3000), Microsoft.AspNetCore.Mvc.Infrastructure.ModelStateInvalidFilter (Order: -2000)
2023-08-23 12:19:49.3678 DEBUG: Execution plan of exception filters (in the following order): None
2023-08-23 12:19:49.3678 DEBUG: Execution plan of result filters (in the following order): Microsoft.AspNetCore.Mvc.Infrastructure.ClientErrorResultFilter (Order: -2000)
2023-08-23 12:19:49.3724 DEBUG: Executing controller factory for controller FusionWebApi.Controllers.GenerateTokenController (FusionWebApi)
2023-08-23 12:19:49.5418 DEBUG: Executed controller factory for controller FusionWebApi.Controllers.GenerateTokenController (FusionWebApi)
2023-08-23 12:19:49.5481 DEBUG: Attempting to bind parameter 'userName' of type 'System.String' ...
2023-08-23 12:19:49.5481 DEBUG: Attempting to bind parameter 'userName' of type 'System.String' using the name 'userName' in request data ...
2023-08-23 12:19:49.5481 DEBUG: Done attempting to bind parameter 'userName' of type 'System.String'.
2023-08-23 12:19:49.5481 DEBUG: Done attempting to bind parameter 'userName' of type 'System.String'.
2023-08-23 12:19:49.5481 DEBUG: Attempting to validate the bound parameter 'userName' of type 'System.String' ...
2023-08-23 12:19:49.5481 DEBUG: Done attempting to validate the bound parameter 'userName' of type 'System.String'.
2023-08-23 12:19:49.5481 DEBUG: Attempting to bind parameter 'passWord' of type 'System.String' ...
2023-08-23 12:19:49.5481 DEBUG: Attempting to bind parameter 'passWord' of type 'System.String' using the name 'passWord' in request data ...
2023-08-23 12:19:49.5481 DEBUG: Done attempting to bind parameter 'passWord' of type 'System.String'.
2023-08-23 12:19:49.5481 DEBUG: Done attempting to bind parameter 'passWord' of type 'System.String'.
2023-08-23 12:19:49.5481 DEBUG: Attempting to validate the bound parameter 'passWord' of type 'System.String' ...
2023-08-23 12:19:49.5481 DEBUG: Done attempting to validate the bound parameter 'passWord' of type 'System.String'.
2023-08-23 12:19:49.5481 DEBUG: Attempting to bind parameter 'database' of type 'System.String' ...
2023-08-23 12:19:49.5481 DEBUG: Attempting to bind parameter 'database' of type 'System.String' using the name 'database' in request data ...
2023-08-23 12:19:49.5481 DEBUG: Done attempting to bind parameter 'database' of type 'System.String'.
2023-08-23 12:19:49.5481 DEBUG: Done attempting to bind parameter 'database' of type 'System.String'.
2023-08-23 12:19:49.5481 DEBUG: Attempting to validate the bound parameter 'database' of type 'System.String' ...
2023-08-23 12:19:49.5481 DEBUG: Done attempting to validate the bound parameter 'database' of type 'System.String'.
2023-08-23 12:19:49.5481 TRACE: Action Filter: Before executing OnActionExecuting on filter Microsoft.AspNetCore.Mvc.ModelBinding.UnsupportedContentTypeFilter.
2023-08-23 12:19:49.5481 TRACE: Action Filter: After executing OnActionExecuting on filter Microsoft.AspNetCore.Mvc.ModelBinding.UnsupportedContentTypeFilter.
2023-08-23 12:19:49.5481 TRACE: Action Filter: Before executing OnActionExecuting on filter Microsoft.AspNetCore.Mvc.Infrastructure.ModelStateInvalidFilter.
2023-08-23 12:19:49.5481 TRACE: Action Filter: After executing OnActionExecuting on filter Microsoft.AspNetCore.Mvc.Infrastructure.ModelStateInvalidFilter.
2023-08-23 12:19:49.5939 INFO: Executing action method FusionWebApi.Controllers.GenerateTokenController.AuthenticateUser (FusionWebApi) - Validation state: Valid
2023-08-23 12:19:49.5939 TRACE: Executing action method FusionWebApi.Controllers.GenerateTokenController.AuthenticateUser (FusionWebApi) with arguments (administrator, password$, cfg)
2023-08-23 12:21:14.3704 INFO: Executed action method FusionWebApi.Controllers.GenerateTokenController.AuthenticateUser (FusionWebApi), returned result Microsoft.AspNetCore.Mvc.ObjectResult in 84774.5022ms.
2023-08-23 12:21:14.3704 TRACE: Action Filter: Before executing OnActionExecuted on filter Microsoft.AspNetCore.Mvc.Infrastructure.ModelStateInvalidFilter.
2023-08-23 12:21:14.3704 TRACE: Action Filter: After executing OnActionExecuted on filter Microsoft.AspNetCore.Mvc.Infrastructure.ModelStateInvalidFilter.
2023-08-23 12:21:14.3704 TRACE: Action Filter: Before executing OnActionExecuted on filter Microsoft.AspNetCore.Mvc.ModelBinding.UnsupportedContentTypeFilter.
2023-08-23 12:21:14.3704 TRACE: Action Filter: After executing OnActionExecuted on filter Microsoft.AspNetCore.Mvc.ModelBinding.UnsupportedContentTypeFilter.
2023-08-23 12:21:14.3704 TRACE: Result Filter: Before executing OnResultExecuting on filter Microsoft.AspNetCore.Mvc.Infrastructure.ClientErrorResultFilter.
2023-08-23 12:21:14.3704 TRACE: Result Filter: After executing OnResultExecuting on filter Microsoft.AspNetCore.Mvc.Infrastructure.ClientErrorResultFilter.
2023-08-23 12:21:14.3704 TRACE: Before executing action result Microsoft.AspNetCore.Mvc.ObjectResult.
2023-08-23 12:21:14.3728 DEBUG: List of registered output formatters, in the following order: Microsoft.AspNetCore.Mvc.Formatters.HttpNoContentOutputFormatter, Microsoft.AspNetCore.Mvc.Formatters.StringOutputFormatter, Microsoft.AspNetCore.Mvc.Formatters.StreamOutputFormatter, Microsoft.AspNetCore.Mvc.Formatters.SystemTextJsonOutputFormatter
2023-08-23 12:21:14.3728 DEBUG: Attempting to select an output formatter based on Accept header 'text/plain'.
2023-08-23 12:21:14.3728 DEBUG: Selected output formatter 'Microsoft.AspNetCore.Mvc.Formatters.StringOutputFormatter' and content type 'text/plain' to write the response.
2023-08-23 12:21:14.3728 INFO: Executing ObjectResult, writing value of type 'System.String'.
2023-08-23 12:21:14.3728 TRACE: After executing action result Microsoft.AspNetCore.Mvc.ObjectResult.
2023-08-23 12:21:14.3728 TRACE: Result Filter: Before executing OnResultExecuted on filter Microsoft.AspNetCore.Mvc.Infrastructure.ClientErrorResultFilter.
2023-08-23 12:21:14.3728 TRACE: Result Filter: After executing OnResultExecuted on filter Microsoft.AspNetCore.Mvc.Infrastructure.ClientErrorResultFilter.
2023-08-23 12:21:14.3926 INFO: Executed action FusionWebApi.Controllers.GenerateTokenController.AuthenticateUser (FusionWebApi) in 85014.1356ms
2023-08-23 12:21:14.3926 INFO: Executed endpoint 'FusionWebApi.Controllers.GenerateTokenController.AuthenticateUser (FusionWebApi)'
2023-08-23 12:21:14.3926 DEBUG: Connection id "0HMT3UIT2OHCN" completed keep alive response.
2023-08-23 12:21:14.3926 INFO: Request finished HTTP/1.1 GET http://localhost:2234/GenerateToken?userName=administrator&passWord=password%24&database=cfg - - - 200 - text/plain;+charset=utf-8 85150.8421ms
